<?xml version="1.0" encoding="UTF-8"?>
<testsuite name="com.project.project.ProjectApplicationTests" tests="1" skipped="0" failures="0" errors="0" timestamp="2022-05-25T17:21:35" hostname="Kanishk-Gahlot" time="0.309">
  <properties/>
  <testcase name="contextLoads()" classname="com.project.project.ProjectApplicationTests" time="0.309"/>
  <system-out><![CDATA[22:51:34.223 [Test worker] DEBUG org.springframework.test.context.BootstrapUtils - Instantiating CacheAwareContextLoaderDelegate from class [org.springframework.test.context.cache.DefaultCacheAwareContextLoaderDelegate]
22:51:34.230 [Test worker] DEBUG org.springframework.test.context.BootstrapUtils - Instantiating BootstrapContext using constructor [public org.springframework.test.context.support.DefaultBootstrapContext(java.lang.Class,org.springframework.test.context.CacheAwareContextLoaderDelegate)]
22:51:34.249 [Test worker] DEBUG org.springframework.test.context.BootstrapUtils - Instantiating TestContextBootstrapper for test class [com.project.project.ProjectApplicationTests] from class [org.springframework.boot.test.context.SpringBootTestContextBootstrapper]
22:51:34.256 [Test worker] INFO org.springframework.boot.test.context.SpringBootTestContextBootstrapper - Neither @ContextConfiguration nor @ContextHierarchy found for test class [com.project.project.ProjectApplicationTests], using SpringBootContextLoader
22:51:34.259 [Test worker] DEBUG org.springframework.test.context.support.AbstractContextLoader - Did not detect default resource location for test class [com.project.project.ProjectApplicationTests]: class path resource [com/project/project/ProjectApplicationTests-context.xml] does not exist
22:51:34.259 [Test worker] DEBUG org.springframework.test.context.support.AbstractContextLoader - Did not detect default resource location for test class [com.project.project.ProjectApplicationTests]: class path resource [com/project/project/ProjectApplicationTestsContext.groovy] does not exist
22:51:34.259 [Test worker] INFO org.springframework.test.context.support.AbstractContextLoader - Could not detect default resource locations for test class [com.project.project.ProjectApplicationTests]: no resource found for suffixes {-context.xml, Context.groovy}.
22:51:34.260 [Test worker] INFO org.springframework.test.context.support.AnnotationConfigContextLoaderUtils - Could not detect default configuration classes for test class [com.project.project.ProjectApplicationTests]: ProjectApplicationTests does not declare any static, non-private, non-final, nested classes annotated with @Configuration.
22:51:34.290 [Test worker] DEBUG org.springframework.test.context.support.ActiveProfilesUtils - Could not find an 'annotation declaring class' for annotation type [org.springframework.test.context.ActiveProfiles] and class [com.project.project.ProjectApplicationTests]
22:51:34.327 [Test worker] DEBUG org.springframework.context.annotation.ClassPathScanningCandidateComponentProvider - Identified candidate component class: file [/Users/kanishkgahlot/trainingProject/urlshortner/build/classes/java/main/com/project/project/ProjectApplication.class]
22:51:34.328 [Test worker] INFO org.springframework.boot.test.context.SpringBootTestContextBootstrapper - Found @SpringBootConfiguration com.project.project.ProjectApplication for test class com.project.project.ProjectApplicationTests
22:51:34.376 [Test worker] DEBUG org.springframework.boot.test.context.SpringBootTestContextBootstrapper - @TestExecutionListeners is not present for class [com.project.project.ProjectApplicationTests]: using defaults.
22:51:34.376 [Test worker] INFO org.springframework.boot.test.context.SpringBootTestContextBootstrapper - Loaded default TestExecutionListener class names from location [META-INF/spring.factories]: [org.springframework.boot.test.autoconfigure.restdocs.RestDocsTestExecutionListener, org.springframework.boot.test.autoconfigure.web.client.MockRestServiceServerResetTestExecutionListener, org.springframework.boot.test.autoconfigure.web.servlet.MockMvcPrintOnlyOnFailureTestExecutionListener, org.springframework.boot.test.autoconfigure.web.servlet.WebDriverTestExecutionListener, org.springframework.boot.test.autoconfigure.webservices.client.MockWebServiceServerTestExecutionListener, org.springframework.boot.test.mock.mockito.MockitoTestExecutionListener, org.springframework.boot.test.mock.mockito.ResetMocksTestExecutionListener, org.springframework.test.context.web.ServletTestExecutionListener, org.springframework.test.context.support.DirtiesContextBeforeModesTestExecutionListener, org.springframework.test.context.event.ApplicationEventsTestExecutionListener, org.springframework.test.context.support.DependencyInjectionTestExecutionListener, org.springframework.test.context.support.DirtiesContextTestExecutionListener, org.springframework.test.context.transaction.TransactionalTestExecutionListener, org.springframework.test.context.jdbc.SqlScriptsTestExecutionListener, org.springframework.test.context.event.EventPublishingTestExecutionListener]
22:51:34.386 [Test worker] INFO org.springframework.boot.test.context.SpringBootTestContextBootstrapper - Using TestExecutionListeners: [org.springframework.test.context.web.ServletTestExecutionListener@422c3c7a, org.springframework.test.context.support.DirtiesContextBeforeModesTestExecutionListener@18230356, org.springframework.test.context.event.ApplicationEventsTestExecutionListener@d8305c2, org.springframework.boot.test.mock.mockito.MockitoTestExecutionListener@56bca85b, org.springframework.boot.test.autoconfigure.SpringBootDependencyInjectionTestExecutionListener@75d0911a, org.springframework.test.context.support.DirtiesContextTestExecutionListener@75e91545, org.springframework.test.context.transaction.TransactionalTestExecutionListener@60d1a32f, org.springframework.test.context.jdbc.SqlScriptsTestExecutionListener@531c311e, org.springframework.test.context.event.EventPublishingTestExecutionListener@22b53226, org.springframework.boot.test.autoconfigure.restdocs.RestDocsTestExecutionListener@1fcb4808, org.springframework.boot.test.autoconfigure.web.client.MockRestServiceServerResetTestExecutionListener@726e5805, org.springframework.boot.test.autoconfigure.web.servlet.MockMvcPrintOnlyOnFailureTestExecutionListener@40c80397, org.springframework.boot.test.autoconfigure.web.servlet.WebDriverTestExecutionListener@4b672daa, org.springframework.boot.test.autoconfigure.webservices.client.MockWebServiceServerTestExecutionListener@ea9b7c6, org.springframework.boot.test.mock.mockito.ResetMocksTestExecutionListener@e077866]
22:51:34.388 [Test worker] DEBUG org.springframework.test.context.support.AbstractDirtiesContextTestExecutionListener - Before test class: context [DefaultTestContext@47db5fa5 testClass = ProjectApplicationTests, testInstance = [null], testMethod = [null], testException = [null], mergedContextConfiguration = [WebMergedContextConfiguration@354fc8f0 testClass = ProjectApplicationTests, locations = '{}', classes = '{class com.project.project.ProjectApplication}', contextInitializerClasses = '[]', activeProfiles = '{}', propertySourceLocations = '{}', propertySourceProperties = '{org.springframework.boot.test.context.SpringBootTestContextBootstrapper=true}', contextCustomizers = set[org.springframework.boot.test.autoconfigure.actuate.metrics.MetricsExportContextCustomizerFactory$DisableMetricExportContextCustomizer@5454d35e, org.springframework.boot.test.autoconfigure.properties.PropertyMappingContextCustomizer@0, org.springframework.boot.test.autoconfigure.web.servlet.WebDriverContextCustomizerFactory$Customizer@7393222f, org.springframework.boot.test.context.filter.ExcludeFilterContextCustomizer@3688eb5b, org.springframework.boot.test.json.DuplicateJsonObjectContextCustomizerFactory$DuplicateJsonObjectContextCustomizer@457c9034, org.springframework.boot.test.mock.mockito.MockitoContextCustomizer@0, org.springframework.boot.test.web.client.TestRestTemplateContextCustomizer@36060e, org.springframework.boot.test.context.SpringBootTestArgs@1, org.springframework.boot.test.context.SpringBootTestWebEnvironment@6913c1fb], resourceBasePath = 'src/main/webapp', contextLoader = 'org.springframework.boot.test.context.SpringBootContextLoader', parent = [null]], attributes = map['org.springframework.test.context.web.ServletTestExecutionListener.activateListener' -> true]], class annotated with @DirtiesContext [false] with mode [null].

  .   ____          _            __ _ _
 /\\ / ___'_ __ _ _(_)_ __  __ _ \ \ \ \
( ( )\___ | '_ | '_| | '_ \/ _` | \ \ \ \
 \\/  ___)| |_)| | | | | || (_| |  ) ) ) )
  '  |____| .__|_| |_|_| |_\__, | / / / /
 =========|_|==============|___/=/_/_/_/
 :: Spring Boot ::                (v2.6.7)

2022-05-25 22:51:34.553  INFO 48621 --- [    Test worker] c.p.project.ProjectApplicationTests      : Starting ProjectApplicationTests using Java 17.0.3 on Kanishk-Gahlot with PID 48621 (started by kanishkgahlot in /Users/kanishkgahlot/trainingProject/urlshortner)
2022-05-25 22:51:34.554  INFO 48621 --- [    Test worker] c.p.project.ProjectApplicationTests      : No active profile set, falling back to 1 default profile: "default"
2022-05-25 22:51:34.880  INFO 48621 --- [    Test worker] .s.d.r.c.RepositoryConfigurationDelegate : Bootstrapping Spring Data MongoDB repositories in DEFAULT mode.
2022-05-25 22:51:34.915  INFO 48621 --- [    Test worker] .s.d.r.c.RepositoryConfigurationDelegate : Finished Spring Data repository scanning in 32 ms. Found 2 MongoDB repository interfaces.
2022-05-25 22:51:35.138  INFO 48621 --- [    Test worker] org.mongodb.driver.cluster               : Cluster created with settings {hosts=[localhost:27017], mode=SINGLE, requiredClusterType=UNKNOWN, serverSelectionTimeout='30000 ms'}
2022-05-25 22:51:35.177  INFO 48621 --- [localhost:27017] org.mongodb.driver.connection            : Opened connection [connectionId{localValue:2, serverValue:450}] to localhost:27017
2022-05-25 22:51:35.177  INFO 48621 --- [localhost:27017] org.mongodb.driver.connection            : Opened connection [connectionId{localValue:1, serverValue:449}] to localhost:27017
2022-05-25 22:51:35.178  INFO 48621 --- [localhost:27017] org.mongodb.driver.cluster               : Monitor thread successfully connected to server with description ServerDescription{address=localhost:27017, type=STANDALONE, state=CONNECTED, ok=true, minWireVersion=0, maxWireVersion=13, maxDocumentSize=16777216, logicalSessionTimeoutMinutes=30, roundTripTimeNanos=12206417}
2022-05-25 22:51:35.701  INFO 48621 --- [    Test worker] c.p.project.ProjectApplicationTests      : Started ProjectApplicationTests in 1.292 seconds (JVM running for 2.012)
]]></system-out>
  <system-err><![CDATA[]]></system-err>
</testsuite>
